Сборка начата 20.05.2014 11:57:39.
     1>Проект "E:\ОП\2 семестр\Решение\TL\TL04\empty\empty\empty.vcxproj" в узле 2 (целевые объекты Build).
     1>ClCompile:
         C:\Program Files (x86)\Microsoft Visual Studio 11.0\VC\bin\CL.exe /c /ZI /nologo /W3 /WX- /Od /Oy- /D WIN32 /D _DEBUG /D _CONSOLE /D _UNICODE /D UNICODE /Gm /EHsc /RTC1 /MDd /GS /fp:precise /Zc:wchar_t /Zc:forScope /Fo"Debug\\" /Fd"Debug\vc110.pdb" /Gd /TP /analyze- /errorReport:prompt main.cpp
         main.cpp
     1>e:\оп\2 семестр\решение\tl\tl04\empty\empty\list.h(116): warning C4101: prev: неиспользованная локальная переменная
                 e:\оп\2 семестр\решение\tl\tl04\empty\empty\list.h(113): при компиляции функции-члена "std::string *List<K,V>::find(K)" класса шаблон
                 with
                 [
                     K=std::string,
                     V=std::string
                 ]
                 e:\оп\2 семестр\решение\tl\tl04\empty\empty\hash.h(71): см. ссылку на создание экземпляров функции шаблон при компиляции "std::string *List<K,V>::find(K)"
                 with
                 [
                     K=std::string,
                     V=std::string
                 ]
                 e:\оп\2 семестр\решение\tl\tl04\empty\empty\hash.h(37): см. ссылку на создание экземпляров класса шаблон при компиляции "List<K,V>"
                 with
                 [
                     K=std::string,
                     V=std::string
                 ]
                 e:\оп\2 семестр\решение\tl\tl04\empty\empty\hash.h(33): при компиляции функции-члена "Hash<K,V>::Hash(int,unsigned long (__cdecl *)(K))" класса шаблон
                 with
                 [
                     K=std::string,
                     V=std::string
                 ]
                 e:\оп\2 семестр\решение\tl\tl04\empty\empty\main.cpp(8): см. ссылку на создание экземпляров функции шаблон при компиляции "Hash<K,V>::Hash(int,unsigned long (__cdecl *)(K))"
                 with
                 [
                     K=std::string,
                     V=std::string
                 ]
                 e:\оп\2 семестр\решение\tl\tl04\empty\empty\main.cpp(8): см. ссылку на создание экземпляров класса шаблон при компиляции "Hash<K,V>"
                 with
                 [
                     K=std::string,
                     V=std::string
                 ]
       Link:
         C:\Program Files (x86)\Microsoft Visual Studio 11.0\VC\bin\link.exe /ERRORREPORT:PROMPT /OUT:"E:\ОП\2 семестр\Решение\TL\TL04\empty\Debug\empty.exe" /INCREMENTAL /NOLOGO kernel32.lib user32.lib gdi32.lib winspool.lib comdlg32.lib advapi32.lib shell32.lib ole32.lib oleaut32.lib uuid.lib odbc32.lib odbccp32.lib /MANIFEST /MANIFESTUAC:"level='asInvoker' uiAccess='false'" /manifest:embed /DEBUG /PDB:"E:\ОП\2 семестр\Решение\TL\TL04\empty\Debug\empty.pdb" /SUBSYSTEM:CONSOLE /TLBID:1 /DYNAMICBASE /NXCOMPAT /IMPLIB:"E:\ОП\2 семестр\Решение\TL\TL04\empty\Debug\empty.lib" /MACHINE:X86 Debug\main.obj
         empty.vcxproj -> E:\ОП\2 семестр\Решение\TL\TL04\empty\Debug\empty.exe
     1>Построение проекта "E:\ОП\2 семестр\Решение\TL\TL04\empty\empty\empty.vcxproj" завершено (целевые объекты Build).

Сборка успешно завершена.

Затраченное время: 00:00:11.31
