Сборка начата 20.05.2014 11:46:37.
     1>Проект "E:\ОП\2 семестр\Решение\TL\TL01\empty\empty\empty.vcxproj" в узле 2 (целевые объекты Build).
     1>ClCompile:
         C:\Program Files (x86)\Microsoft Visual Studio 11.0\VC\bin\CL.exe /c /ZI /nologo /W3 /WX- /Od /Oy- /D WIN32 /D _DEBUG /D _CONSOLE /D _UNICODE /D UNICODE /Gm /EHsc /RTC1 /MDd /GS /fp:precise /Zc:wchar_t /Zc:forScope /Fo"Debug\\" /Fd"Debug\vc110.pdb" /Gd /TP /analyze- /errorReport:prompt main.cpp
         main.cpp
     1>e:\оп\2 семестр\решение\tl\tl01\empty\empty\array2d.h(18): warning C4018: <: несоответствие типов со знаком и без знака
                 e:\оп\2 семестр\решение\tl\tl01\empty\empty\array2d.h(12): при компиляции функции-члена "Array2d<T>::Array2d(unsigned int,unsigned int)" класса шаблон
                 with
                 [
                     T=int
                 ]
                 e:\оп\2 семестр\решение\tl\tl01\empty\empty\main.cpp(9): см. ссылку на создание экземпляров функции шаблон при компиляции "Array2d<T>::Array2d(unsigned int,unsigned int)"
                 with
                 [
                     T=int
                 ]
                 e:\оп\2 семестр\решение\tl\tl01\empty\empty\main.cpp(9): см. ссылку на создание экземпляров класса шаблон при компиляции "Array2d<T>"
                 with
                 [
                     T=int
                 ]
     1>e:\оп\2 семестр\решение\tl\tl01\empty\empty\array2d.h(61): warning C4018: <: несоответствие типов со знаком и без знака
                 e:\оп\2 семестр\решение\tl\tl01\empty\empty\array2d.h(60): при компиляции функции-члена "void Array2d<T>::trace(void)" класса шаблон
                 with
                 [
                     T=int
                 ]
                 e:\оп\2 семестр\решение\tl\tl01\empty\empty\main.cpp(17): см. ссылку на создание экземпляров функции шаблон при компиляции "void Array2d<T>::trace(void)"
                 with
                 [
                     T=int
                 ]
     1>e:\оп\2 семестр\решение\tl\tl01\empty\empty\array2d.h(63): warning C4018: <: несоответствие типов со знаком и без знака
       Link:
         C:\Program Files (x86)\Microsoft Visual Studio 11.0\VC\bin\link.exe /ERRORREPORT:PROMPT /OUT:"E:\ОП\2 семестр\Решение\TL\TL01\empty\Debug\empty.exe" /INCREMENTAL /NOLOGO kernel32.lib user32.lib gdi32.lib winspool.lib comdlg32.lib advapi32.lib shell32.lib ole32.lib oleaut32.lib uuid.lib odbc32.lib odbccp32.lib /MANIFEST /MANIFESTUAC:"level='asInvoker' uiAccess='false'" /manifest:embed /DEBUG /PDB:"E:\ОП\2 семестр\Решение\TL\TL01\empty\Debug\empty.pdb" /SUBSYSTEM:CONSOLE /TLBID:1 /DYNAMICBASE /NXCOMPAT /IMPLIB:"E:\ОП\2 семестр\Решение\TL\TL01\empty\Debug\empty.lib" /MACHINE:X86 Debug\main.obj
         empty.vcxproj -> E:\ОП\2 семестр\Решение\TL\TL01\empty\Debug\empty.exe
     1>Построение проекта "E:\ОП\2 семестр\Решение\TL\TL01\empty\empty\empty.vcxproj" завершено (целевые объекты Build).

Сборка успешно завершена.

Затраченное время: 00:00:05.00
